<?xml version="1.0" encoding="UTF-8"?>
<!-- Generated by org.testng.reporters.JUnitXMLReporter -->
<testsuite ignored="0" hostname="WIN-3TK6XF2" failures="0" tests="3" name="ChromeTest" time="66.769" errors="0" timestamp="2024-04-05T18:40:49 IST">
  <testcase classname="Peddaiah1_test.TestScenario_1" name="TestScenario1" time="6.006"/>
  <testcase classname="Peddaiah1_test.TestScenario_2" name="TestScenario2" time="5.105"/>
  <testcase classname="Peddaiah1_test.TestScenario_3" name="TestScenario3" time="20.976"/>
</testsuite> <!-- ChromeTest -->
