<?xml version="1.0" encoding="UTF-8"?>
<testng-results ignored="0" total="6" passed="6" failed="0" skipped="0">
  <reporter-output>
  </reporter-output>
  <suite started-at="2024-04-05T18:39:42 IST" name="Parallel Test Suite" finished-at="2024-04-05T18:40:49 IST" duration-ms="67178">
    <groups>
    </groups>
    <test started-at="2024-04-05T18:39:42 IST" name="ChromeTest" finished-at="2024-04-05T18:40:49 IST" duration-ms="66769">
      <class name="Peddaiah1_test.TestScenario_2">
        <test-method is-config="true" signature="setUp(java.lang.String,java.lang.String,java.lang.String)[pri:0, instance:Peddaiah1_test.TestScenario_2@534a5a98]" started-at="2024-04-05T18:40:02 IST" name="setUp" finished-at="2024-04-05T18:40:11 IST" duration-ms="9227" status="PASS">
          <params>
            <param index="0">
              <value>
                <![CDATA[chrome]]>
              </value>
            </param>
            <param index="1">
              <value>
                <![CDATA[latest]]>
              </value>
            </param>
            <param index="2">
              <value>
                <![CDATA[Windows 10]]>
              </value>
            </param>
          </params>
          <reporter-output>
          </reporter-output>
        </test-method> <!-- setUp -->
        <test-method signature="TestScenario2()[pri:0, instance:Peddaiah1_test.TestScenario_2@534a5a98]" started-at="2024-04-05T18:40:11 IST" name="TestScenario2" finished-at="2024-04-05T18:40:16 IST" duration-ms="5105" status="PASS">
          <reporter-output>
          </reporter-output>
        </test-method> <!-- TestScenario2 -->
        <test-method is-config="true" signature="tearDown()[pri:0, instance:Peddaiah1_test.TestScenario_2@534a5a98]" started-at="2024-04-05T18:40:16 IST" name="tearDown" finished-at="2024-04-05T18:40:17 IST" duration-ms="805" status="PASS">
          <reporter-output>
          </reporter-output>
        </test-method> <!-- tearDown -->
      </class> <!-- Peddaiah1_test.TestScenario_2 -->
      <class name="Peddaiah1_test.TestScenario_1">
        <test-method is-config="true" signature="setUp(java.lang.String,java.lang.String,java.lang.String)[pri:0, instance:Peddaiah1_test.TestScenario_1@3c7f66c4]" started-at="2024-04-05T18:39:42 IST" name="setUp" finished-at="2024-04-05T18:39:55 IST" duration-ms="12959" status="PASS">
          <params>
            <param index="0">
              <value>
                <![CDATA[chrome]]>
              </value>
            </param>
            <param index="1">
              <value>
                <![CDATA[latest]]>
              </value>
            </param>
            <param index="2">
              <value>
                <![CDATA[Windows 10]]>
              </value>
            </param>
          </params>
          <reporter-output>
          </reporter-output>
        </test-method> <!-- setUp -->
        <test-method signature="TestScenario1()[pri:0, instance:Peddaiah1_test.TestScenario_1@3c7f66c4]" started-at="2024-04-05T18:39:55 IST" name="TestScenario1" finished-at="2024-04-05T18:40:01 IST" duration-ms="6006" status="PASS">
          <reporter-output>
          </reporter-output>
        </test-method> <!-- TestScenario1 -->
        <test-method is-config="true" signature="tearDown()[pri:0, instance:Peddaiah1_test.TestScenario_1@3c7f66c4]" started-at="2024-04-05T18:40:01 IST" name="tearDown" finished-at="2024-04-05T18:40:02 IST" duration-ms="730" status="PASS">
          <reporter-output>
          </reporter-output>
        </test-method> <!-- tearDown -->
      </class> <!-- Peddaiah1_test.TestScenario_1 -->
      <class name="Peddaiah1_test.TestScenario_3">
        <test-method is-config="true" signature="setUp(java.lang.String,java.lang.String,java.lang.String)[pri:0, instance:Peddaiah1_test.TestScenario_3@4f80542f]" started-at="2024-04-05T18:40:17 IST" name="setUp" finished-at="2024-04-05T18:40:27 IST" duration-ms="9961" status="PASS">
          <params>
            <param index="0">
              <value>
                <![CDATA[chrome]]>
              </value>
            </param>
            <param index="1">
              <value>
                <![CDATA[latest]]>
              </value>
            </param>
            <param index="2">
              <value>
                <![CDATA[Windows 10]]>
              </value>
            </param>
          </params>
          <reporter-output>
          </reporter-output>
        </test-method> <!-- setUp -->
        <test-method signature="TestScenario3()[pri:0, instance:Peddaiah1_test.TestScenario_3@4f80542f]" started-at="2024-04-05T18:40:27 IST" name="TestScenario3" finished-at="2024-04-05T18:40:48 IST" duration-ms="20976" status="PASS">
          <reporter-output>
          </reporter-output>
        </test-method> <!-- TestScenario3 -->
        <test-method is-config="true" signature="tearDown()[pri:0, instance:Peddaiah1_test.TestScenario_3@4f80542f]" started-at="2024-04-05T18:40:48 IST" name="tearDown" finished-at="2024-04-05T18:40:49 IST" duration-ms="915" status="PASS">
          <reporter-output>
          </reporter-output>
        </test-method> <!-- tearDown -->
      </class> <!-- Peddaiah1_test.TestScenario_3 -->
    </test> <!-- ChromeTest -->
    <test started-at="2024-04-05T18:39:42 IST" name="FirefoxTest" finished-at="2024-04-05T18:40:49 IST" duration-ms="67178">
      <class name="Peddaiah1_test.TestScenario_2">
        <test-method is-config="true" signature="setUp(java.lang.String,java.lang.String,java.lang.String)[pri:0, instance:Peddaiah1_test.TestScenario_2@f78a47e]" started-at="2024-04-05T18:40:04 IST" name="setUp" finished-at="2024-04-05T18:40:16 IST" duration-ms="12676" status="PASS">
          <params>
            <param index="0">
              <value>
                <![CDATA[firefox]]>
              </value>
            </param>
            <param index="1">
              <value>
                <![CDATA[latest]]>
              </value>
            </param>
            <param index="2">
              <value>
                <![CDATA[Windows 10]]>
              </value>
            </param>
          </params>
          <reporter-output>
          </reporter-output>
        </test-method> <!-- setUp -->
        <test-method signature="TestScenario2()[pri:0, instance:Peddaiah1_test.TestScenario_2@f78a47e]" started-at="2024-04-05T18:40:16 IST" name="TestScenario2" finished-at="2024-04-05T18:40:20 IST" duration-ms="4170" status="PASS">
          <reporter-output>
          </reporter-output>
        </test-method> <!-- TestScenario2 -->
        <test-method is-config="true" signature="tearDown()[pri:0, instance:Peddaiah1_test.TestScenario_2@f78a47e]" started-at="2024-04-05T18:40:20 IST" name="tearDown" finished-at="2024-04-05T18:40:22 IST" duration-ms="1567" status="PASS">
          <reporter-output>
          </reporter-output>
        </test-method> <!-- tearDown -->
      </class> <!-- Peddaiah1_test.TestScenario_2 -->
      <class name="Peddaiah1_test.TestScenario_1">
        <test-method is-config="true" signature="setUp(java.lang.String,java.lang.String,java.lang.String)[pri:0, instance:Peddaiah1_test.TestScenario_1@26d9b808]" started-at="2024-04-05T18:39:42 IST" name="setUp" finished-at="2024-04-05T18:39:57 IST" duration-ms="14150" status="PASS">
          <params>
            <param index="0">
              <value>
                <![CDATA[firefox]]>
              </value>
            </param>
            <param index="1">
              <value>
                <![CDATA[latest]]>
              </value>
            </param>
            <param index="2">
              <value>
                <![CDATA[Windows 10]]>
              </value>
            </param>
          </params>
          <reporter-output>
          </reporter-output>
        </test-method> <!-- setUp -->
        <test-method signature="TestScenario1()[pri:0, instance:Peddaiah1_test.TestScenario_1@26d9b808]" started-at="2024-04-05T18:39:57 IST" name="TestScenario1" finished-at="2024-04-05T18:40:02 IST" duration-ms="5867" status="PASS">
          <reporter-output>
          </reporter-output>
        </test-method> <!-- TestScenario1 -->
        <test-method is-config="true" signature="tearDown()[pri:0, instance:Peddaiah1_test.TestScenario_1@26d9b808]" started-at="2024-04-05T18:40:02 IST" name="tearDown" finished-at="2024-04-05T18:40:04 IST" duration-ms="1116" status="PASS">
          <reporter-output>
          </reporter-output>
        </test-method> <!-- tearDown -->
      </class> <!-- Peddaiah1_test.TestScenario_1 -->
      <class name="Peddaiah1_test.TestScenario_3">
        <test-method is-config="true" signature="setUp(java.lang.String,java.lang.String,java.lang.String)[pri:0, instance:Peddaiah1_test.TestScenario_3@644baf4a]" started-at="2024-04-05T18:40:22 IST" name="setUp" finished-at="2024-04-05T18:40:34 IST" duration-ms="11605" status="PASS">
          <params>
            <param index="0">
              <value>
                <![CDATA[firefox]]>
              </value>
            </param>
            <param index="1">
              <value>
                <![CDATA[latest]]>
              </value>
            </param>
            <param index="2">
              <value>
                <![CDATA[Windows 10]]>
              </value>
            </param>
          </params>
          <reporter-output>
          </reporter-output>
        </test-method> <!-- setUp -->
        <test-method signature="TestScenario3()[pri:0, instance:Peddaiah1_test.TestScenario_3@644baf4a]" started-at="2024-04-05T18:40:34 IST" name="TestScenario3" finished-at="2024-04-05T18:40:48 IST" duration-ms="14797" status="PASS">
          <reporter-output>
          </reporter-output>
        </test-method> <!-- TestScenario3 -->
        <test-method is-config="true" signature="tearDown()[pri:0, instance:Peddaiah1_test.TestScenario_3@644baf4a]" started-at="2024-04-05T18:40:48 IST" name="tearDown" finished-at="2024-04-05T18:40:49 IST" duration-ms="1156" status="PASS">
          <reporter-output>
          </reporter-output>
        </test-method> <!-- tearDown -->
      </class> <!-- Peddaiah1_test.TestScenario_3 -->
    </test> <!-- FirefoxTest -->
  </suite> <!-- Parallel Test Suite -->
</testng-results>
